{"level":"info","message":"successfully logged in with password","timestamp":"2023-02-07T08:26:24.057Z"}
{"level":"error","message":"user already registered","timestamp":"2023-02-07T09:37:43.765Z"}
{"level":"info","message":"successfully Registered","timestamp":"2023-02-07T09:37:50.616Z"}
{"level":"info","message":"successfully Registered","timestamp":"2023-02-07T12:05:44.149Z"}
{"level":"info","message":"successfully logged in with password","timestamp":"2023-02-07T12:05:56.500Z"}
{"level":"info","message":"successfully logged in with password","timestamp":"2023-02-07T12:08:34.699Z"}
{"level":"info","message":"successfully logged in with password","timestamp":"2023-02-07T12:12:40.678Z"}
{"level":"info","message":"successfully Registered","timestamp":"2023-02-07T12:48:02.219Z"}
{"level":"error","message":"user already registered","timestamp":"2023-02-07T12:52:07.983Z"}
{"level":"info","message":"successfully Registered","timestamp":"2023-02-07T12:52:15.165Z"}
{"level":"error","message":"user already registered","timestamp":"2023-02-07T12:52:29.396Z"}
{"level":"error","message":"incorrect password","timestamp":"2023-02-08T04:24:59.539Z"}
{"level":"info","message":"successfully logged in with password","timestamp":"2023-02-08T04:25:17.642Z"}
{"level":"info","message":"successfully logged in with password","timestamp":"2023-02-08T05:10:44.204Z"}
{"level":"error","message":"incorrect password","timestamp":"2023-02-08T07:18:07.571Z"}
{"level":"error","message":"incorrect password","timestamp":"2023-02-08T07:18:41.437Z"}
{"level":"error","message":"incorrect password","timestamp":"2023-02-08T07:26:29.314Z"}
{"level":"error","message":"incorrect password","timestamp":"2023-02-08T07:27:00.452Z"}
{"level":"error","message":"incorrect password","timestamp":"2023-02-08T07:28:58.934Z"}
{"level":"error","message":"incorrect password","timestamp":"2023-02-08T07:29:21.223Z"}
{"level":"error","message":"incorrect password","timestamp":"2023-02-08T07:29:38.550Z"}
{"level":"error","message":"incorrect password","timestamp":"2023-02-08T07:30:37.633Z"}
{"level":"error","message":"incorrect password","timestamp":"2023-02-08T07:30:54.421Z"}
{"level":"error","message":"incorrect password","timestamp":"2023-02-08T07:31:22.687Z"}
{"level":"error","message":"incorrect password","timestamp":"2023-02-08T07:32:02.382Z"}
{"level":"error","message":"incorrect password","timestamp":"2023-02-08T07:32:36.876Z"}
{"level":"error","message":"incorrect password","timestamp":"2023-02-08T07:32:43.683Z"}
{"level":"error","message":"incorrect password","timestamp":"2023-02-08T07:33:03.473Z"}
{"level":"info","message":"successfully admin logged in with password","timestamp":"2023-02-08T07:33:26.683Z"}
{"level":"info","message":"successfully admin logged in with password","timestamp":"2023-02-08T07:33:40.414Z"}
{"level":"info","message":"successfully admin logged in with password","timestamp":"2023-02-08T07:34:11.982Z"}
{"level":"info","message":"successfully admin logged in with password","timestamp":"2023-02-08T07:34:22.830Z"}
{"level":"info","message":"successfully admin logged in with password","timestamp":"2023-02-08T07:35:52.332Z"}
{"level":"info","message":"successfully admin logged in with password","timestamp":"2023-02-08T07:45:36.418Z"}
{"level":"info","message":"successfully admin logged in with password","timestamp":"2023-02-08T07:46:14.204Z"}
{"level":"info","message":"successfully admin logged in with password","timestamp":"2023-02-08T07:46:26.041Z"}
{"level":"info","message":"successfully admin logged in with password","timestamp":"2023-02-08T07:48:36.755Z"}
{"level":"info","message":"successfully admin logged in with password","timestamp":"2023-02-08T07:49:03.974Z"}
{"level":"info","message":"successfully admin logged in with password","timestamp":"2023-02-08T07:51:19.990Z"}
{"level":"info","message":"successfully admin logged in with password","timestamp":"2023-02-08T07:52:03.991Z"}
{"level":"info","message":"successfully admin logged in with password","timestamp":"2023-02-08T07:55:44.778Z"}
{"level":"info","message":"successfully admin logged in with password","timestamp":"2023-02-08T07:56:02.714Z"}
{"level":"info","message":"successfully admin logged in with password","timestamp":"2023-02-08T08:00:38.990Z"}
{"level":"info","message":"successfully admin logged in with password","timestamp":"2023-02-08T08:01:06.337Z"}
{"level":"info","message":"successfully admin logged in with password","timestamp":"2023-02-08T08:01:27.579Z"}
{"level":"info","message":"successfully logged in with password","timestamp":"2023-02-08T10:09:51.743Z"}
{"level":"info","message":"successfully admin logged in with password","timestamp":"2023-02-08T10:12:08.998Z"}
{"level":"info","message":"successfully admin logged in with password","timestamp":"2023-02-08T10:12:49.060Z"}
{"level":"info","message":"successfully admin logged in with password","timestamp":"2023-02-08T10:12:56.248Z"}
{"level":"info","message":"successfully admin logged in with password","timestamp":"2023-02-08T10:14:33.282Z"}
{"level":"info","message":"successfully admin logged in with password","timestamp":"2023-02-08T10:17:28.456Z"}
{"level":"info","message":"successfully admin logged in with password","timestamp":"2023-02-08T10:17:46.716Z"}
{"level":"info","message":"successfully logged in with password","timestamp":"2023-02-08T10:18:24.252Z"}
{"level":"info","message":"successfully logged in with password","timestamp":"2023-02-08T10:20:09.598Z"}
{"level":"info","message":"successfully admin logged in with password","timestamp":"2023-02-08T10:21:30.891Z"}
{"level":"info","message":"successfully logged in with password","timestamp":"2023-02-08T10:23:10.671Z"}
{"level":"info","message":"successfully Registered","timestamp":"2023-02-08T12:24:48.407Z"}
{"level":"info","message":"successfully logged in with password","timestamp":"2023-02-08T12:25:01.190Z"}
{"level":"info","message":"successfully admin logged in with password","timestamp":"2023-02-08T12:25:39.676Z"}
{"level":"info","message":"successfully logged in with password","timestamp":"2023-02-08T12:30:17.336Z"}
{"level":"info","message":"successfully admin logged in with password","timestamp":"2023-02-08T12:32:20.644Z"}
{"level":"info","message":"successfully logged in with password","timestamp":"2023-02-08T12:54:48.329Z"}
{"level":"info","message":"successfully logged in with password","timestamp":"2023-02-08T12:59:02.339Z"}
{"level":"info","message":"successfully logged in with password","timestamp":"2023-02-08T13:01:13.360Z"}
{"level":"error","message":"incorrect password","timestamp":"2023-02-08T13:01:50.492Z"}
{"level":"info","message":"successfully admin logged in with password","timestamp":"2023-02-08T13:02:05.275Z"}
{"level":"info","message":"successfully Registered","timestamp":"2023-02-08T13:15:38.203Z"}
{"level":"info","message":"successfully logged in with password","timestamp":"2023-02-08T13:15:53.800Z"}
{"level":"info","message":"successfully admin logged in with password","timestamp":"2023-02-08T13:18:01.414Z"}
{"level":"info","message":"successfully logged in with password","timestamp":"2023-02-08T13:23:31.553Z"}
{"level":"error","message":"user already registered","timestamp":"2023-02-10T07:04:39.366Z"}
{"level":"info","message":"successfully Registered","timestamp":"2023-02-10T07:38:09.329Z"}
{"level":"info","message":"successfully logged in with password","timestamp":"2023-02-10T07:38:21.132Z"}
{"level":"info","message":"successfully admin logged in with password","timestamp":"2023-02-10T07:47:38.078Z"}
